<?xml version="1.0" encoding="UTF-8"?>
<!-- Generated by org.testng.reporters.JUnitXMLReporter -->
<testsuite ignored="0" hostname="DESKTOP-U619QKV" failures="0" tests="4" name="Test" time="0.049" errors="0" timestamp="2021-02-10T11:09:37 PST">
  <testcase classname="qaacademy.Mavenjava.RESTAPITest" name="deleteTwitter" time="0.005"/>
  <testcase classname="qaacademy.Mavenjava.RESTAPITest" name="postJira" time="0.0"/>
  <testcase classname="qaacademy.Mavenjava.SeleniumTest" name="BrowserAutomation" time="0.0"/>
  <testcase classname="qaacademy.Mavenjava.SeleniumTest" name="elementsUi" time="0.0"/>
</testsuite> <!-- Test -->
