<?xml version="1.0" encoding="UTF-8"?>
<testng-results ignored="0" total="4" passed="4" failed="0" skipped="0">
  <reporter-output>
  </reporter-output>
  <suite started-at="2021-02-10T11:09:37 PST" name="Suite" finished-at="2021-02-10T11:09:37 PST" duration-ms="49">
    <groups>
    </groups>
    <test started-at="2021-02-10T11:09:37 PST" name="Test" finished-at="2021-02-10T11:09:37 PST" duration-ms="49">
      <class name="qaacademy.Mavenjava.SeleniumTest">
        <test-method signature="BrowserAutomation()[pri:0, instance:qaacademy.Mavenjava.SeleniumTest@69e1dd28]" started-at="2021-02-10T11:09:37 PST" name="BrowserAutomation" finished-at="2021-02-10T11:09:37 PST" duration-ms="0" status="PASS">
          <reporter-output>
          </reporter-output>
        </test-method> <!-- BrowserAutomation -->
        <test-method signature="elementsUi()[pri:0, instance:qaacademy.Mavenjava.SeleniumTest@69e1dd28]" started-at="2021-02-10T11:09:37 PST" name="elementsUi" finished-at="2021-02-10T11:09:37 PST" duration-ms="0" status="PASS">
          <reporter-output>
          </reporter-output>
        </test-method> <!-- elementsUi -->
      </class> <!-- qaacademy.Mavenjava.SeleniumTest -->
      <class name="qaacademy.Mavenjava.RESTAPITest">
        <test-method signature="deleteTwitter()[pri:0, instance:qaacademy.Mavenjava.RESTAPITest@3738449f]" started-at="2021-02-10T11:09:37 PST" name="deleteTwitter" finished-at="2021-02-10T11:09:37 PST" duration-ms="5" status="PASS">
          <reporter-output>
          </reporter-output>
        </test-method> <!-- deleteTwitter -->
        <test-method signature="postJira()[pri:0, instance:qaacademy.Mavenjava.RESTAPITest@3738449f]" started-at="2021-02-10T11:09:37 PST" name="postJira" finished-at="2021-02-10T11:09:37 PST" duration-ms="0" status="PASS">
          <reporter-output>
          </reporter-output>
        </test-method> <!-- postJira -->
      </class> <!-- qaacademy.Mavenjava.RESTAPITest -->
    </test> <!-- Test -->
  </suite> <!-- Suite -->
</testng-results>
